#*****************************************************************
#************  stfc/ccp5  program  library  package  ** D ********
#************  daresbury laboratory general purpose  *** L *******
#*         **  classical molecular dynamics program  **** \ ******
#* DL_POLY **  authors:   i.t.todorov   &   w.smith  ***** P *****
#*         **  version:  29ed1a12 /  07 05 2026      ****** O ****
#************  execution on           1 process(es)  ******* L ***
#************  contributors' list:                   ******** Y **
#************  ------------------------------------  *************
#************  i.j.bush, h.a.boateng, r.davidchak,   *************
#************  m.a.seaton, a.v.brukhno, a.m.elena,   *************
#************  s.l.daraszewicz, g.khara, s.t.murphy  *************
#************  j.madge, a.b.g.chalk, i.scivetti,     *************
#************  j.wilkins, h.l.devereux, b.t.speake   *************
#*****************************************************************

#*** compiler: Intel(R) Fortran Compiler for applications run ****
#*** compiler: ning on Intel(R) 64, Version 2025.3.3 Build 20 ****
#*** compiler: 260319 ****
# VdW cutoff set to global cutoff


#*******************************************************************************
#** title:                                                                   ***
#** Argon System, stress autocorrelation                                     ***
#*******************************************************************************


Software Params:
  Verbosity: 1
  Job time (s):   3000.0

I/O Parameters:
  I/O read method: parallel by using MPI-I/O
  I/O readers: 1
  I/O write method: parallel by using MPI-I/O
  I/O writers: 1

File outputs (if not default):

Current Units Scheme:
  Length units: ang
  Time units: ps
  Mass units: amu
  Charge units: q_e
  Energy units: kJ
  Temperature units: K
  Current units: A
  Angle units: rad
  Pressure units: GPa
  Force units: kJ/ang
  Velocity units: ang/ps
  Power units: kJ/ps
  Surface Tension units: kJ/ang^2
  EMF units: kJ/q_e

System parameters:
  Fixed simulation timestep (ps):  1.00000E-03
  Run Duration (steps): 50000
  Rolling averages length (steps): 5000
  File output info:
    Restart dumping interval (steps): 1000
    Data printing interval (steps): 1000
    Statistics file interval (steps): 1000
    Extended field topology printing: OFF
  Restart: Clean start requested, discarding CONFIG velocities
  Simulation temperature (K):   85.000

Thermostat details:
  Ensemble: NVE (Microcanonical)

Link cell:
  Subcelling threshold density:   50.000
  Cutoff padding (ang):  0.20000
  Final link-cell decomposition (x,y,z): [     2,      2,      2]

Forcefield Parameters:
  Real space cutoff (ang):   7.5000
  VdWs: Tabulated
  VdW cutoff (ang):   7.5000

Electrostatic Parameters:
  Electrostatics: Disabled
  Charge smearing: None


Structural statistics:

#detailed topology opted out
Configuration file:
  file name: "Structure and Dynamics of Argon"
  selected image convention: cubic
  Cell vectors:
    [  1.7395E+01,  0.0000E+00,  0.0000E+00,
       0.0000E+00,  1.7395E+01,  0.0000E+00,
       0.0000E+00,  0.0000E+00,  1.7395E+01]
  Volume:   5.2638E+03
  Units: Ang, Ang^3

#** all reading and connectivity checks done ***
# time elapsed since job start:        0.006 sec

#** initialisation and haloing done ***
# time elapsed since job start:        0.006 sec
long-range corrections:
  vdw energy(kJ):   -0.940467E-22
  vdw pressure(GPa):   -0.356243E-01

#** bookkeeping done ***
# time elapsed since job start:        0.006 sec
degrees of freedom break-down list:
  free particles:             300
  centre of mass:             -3
  non-periodicity:            0
  frozen free particles:      0
  shell-pseudo:               0
  constrained:                0
  Rigid bodies translational: 0
  Rigid bodies rotational:    0
  total (real):               297

System properties:
    Mass (amu):   3994.8
    Volume (ang^3):   5263.8
    Density (g/cm^3):   1.2601

#** temperature setting done ***
# time elapsed since job start:        0.006 sec
# forces evaluated at (re)start for VV integration...

#----------------------------------------------------------------------------------------------------------------------------------
#         step     eng_tot temp_tot[K]     eng_cfg     eng_src     eng_cou     eng_bnd     eng_ang     eng_dih     eng_tet
#     time[ps]      eng_pv temp_rot[K]     vir_cfg     vir_src     vir_cou     vir_bnd     vir_ang     vir_con     vir_tet
#     cpu  [s]      volume temp_shl[K]     eng_shl     vir_shl    alpha[o]     beta[o]    gamma[o]     vir_pmf       press
#----------------------------------------------------------------------------------------------------------------------------------
#            0 -4.0444E+02  8.5000E+01 -5.0939E+02 -5.0939E+02  0.0000E+00  0.0000E+00  0.0000E+00  0.0000E+00  0.0000E+00
#      0.00000 -3.9907E+02  0.0000E+00  1.9379E+02  1.9379E+02  0.0000E+00  0.0000E+00  0.0000E+00  0.0000E+00  0.0000E+00
#        0.006  5.2638E+03  0.0000E+00  0.0000E+00  0.0000E+00  9.0000E+01  9.0000E+01  9.0000E+01  0.0000E+00  1.6722E-02
#
#      rolling  0.0000E+00  0.0000E+00  0.0000E+00  0.0000E+00  0.0000E+00  0.0000E+00  0.0000E+00  0.0000E+00  0.0000E+00
#     averages  0.0000E+00  0.0000E+00  0.0000E+00  0.0000E+00  0.0000E+00  0.0000E+00  0.0000E+00  0.0000E+00  0.0000E+00
#               0.0000E+00  0.0000E+00  0.0000E+00  0.0000E+00  0.0000E+00  0.0000E+00  0.0000E+00  0.0000E+00  0.0000E+00
#----------------------------------------------------------------------------------------------------------------------------------
#----------------------------------------------------------------------------------------------------------------------------------
#         step     eng_tot temp_tot[K]     eng_cfg     eng_src     eng_cou     eng_bnd     eng_ang     eng_dih     eng_tet
#     time[ps]      eng_pv temp_rot[K]     vir_cfg     vir_src     vir_cou     vir_bnd     vir_ang     vir_con     vir_tet
#     cpu  [s]      volume temp_shl[K]     eng_shl     vir_shl    alpha[o]     beta[o]    gamma[o]     vir_pmf       press
#----------------------------------------------------------------------------------------------------------------------------------
#            1 -4.0438E+02  8.5094E+01 -5.0944E+02 -5.0944E+02  0.0000E+00  0.0000E+00  0.0000E+00  0.0000E+00  0.0000E+00
#      0.00100 -3.9946E+02  0.0000E+00  1.9539E+02  1.9539E+02  0.0000E+00  0.0000E+00  0.0000E+00  0.0000E+00  0.0000E+00
#        0.006  5.2638E+03  0.0000E+00  0.0000E+00  0.0000E+00  9.0000E+01  9.0000E+01  9.0000E+01  0.0000E+00  1.5302E-02
#
#      rolling -4.0438E+02  8.5094E+01 -5.0944E+02 -5.0944E+02  0.0000E+00  0.0000E+00  0.0000E+00  0.0000E+00  0.0000E+00
#     averages -3.9946E+02  0.0000E+00  1.9539E+02  1.9539E+02  0.0000E+00  0.0000E+00  0.0000E+00  0.0000E+00  0.0000E+00
#               5.2638E+03  0.0000E+00  0.0000E+00  0.0000E+00  9.0000E+01  9.0000E+01  9.0000E+01  0.0000E+00  1.5302E-02
#----------------------------------------------------------------------------------------------------------------------------------
#         1000 -4.0448E+02  8.5936E+01 -5.1058E+02 -5.1058E+02  0.0000E+00  0.0000E+00  0.0000E+00  0.0000E+00  0.0000E+00
#      1.00000 -4.3145E+02  0.0000E+00  2.9312E+02  2.9312E+02  0.0000E+00  0.0000E+00  0.0000E+00  0.0000E+00  0.0000E+00
#        0.071  5.2638E+03  0.0000E+00  0.0000E+00  0.0000E+00  9.0000E+01  9.0000E+01  9.0000E+01  0.0000E+00 -8.3967E-02
#
#      rolling -4.0415E+02  9.2310E+01 -5.1813E+02 -5.1813E+02  0.0000E+00  0.0000E+00  0.0000E+00  0.0000E+00  0.0000E+00
#     averages -4.7234E+02  0.0000E+00  4.3251E+02  4.3251E+02  0.0000E+00  0.0000E+00  0.0000E+00  0.0000E+00  0.0000E+00
#               5.2638E+03  0.0000E+00  0.0000E+00  0.0000E+00  9.0000E+01  9.0000E+01  9.0000E+01  0.0000E+00 -2.1229E-01
#----------------------------------------------------------------------------------------------------------------------------------
#         2000 -4.0377E+02  8.3018E+01 -5.0627E+02 -5.0627E+02  0.0000E+00  0.0000E+00  0.0000E+00  0.0000E+00  0.0000E+00
#      2.00000 -4.3534E+02  0.0000E+00  2.9970E+02  2.9970E+02  0.0000E+00  0.0000E+00  0.0000E+00  0.0000E+00  0.0000E+00
#        0.140  5.2638E+03  0.0000E+00  0.0000E+00  0.0000E+00  9.0000E+01  9.0000E+01  9.0000E+01  0.0000E+00 -9.8277E-02
#
#      rolling -4.0449E+02  9.1716E+01 -5.1773E+02 -5.1773E+02  0.0000E+00  0.0000E+00  0.0000E+00  0.0000E+00  0.0000E+00
#     averages -4.6963E+02  0.0000E+00  4.2192E+02  4.2192E+02  0.0000E+00  0.0000E+00  0.0000E+00  0.0000E+00  0.0000E+00
#               5.2638E+03  0.0000E+00  0.0000E+00  0.0000E+00  9.0000E+01  9.0000E+01  9.0000E+01  0.0000E+00 -2.0282E-01
#----------------------------------------------------------------------------------------------------------------------------------
#         3000 -4.0515E+02  8.8998E+01 -5.1503E+02 -5.1503E+02  0.0000E+00  0.0000E+00  0.0000E+00  0.0000E+00  0.0000E+00
#      3.00000 -4.4195E+02  0.0000E+00  3.3017E+02  3.3017E+02  0.0000E+00  0.0000E+00  0.0000E+00  0.0000E+00  0.0000E+00
#        0.204  5.2638E+03  0.0000E+00  0.0000E+00  0.0000E+00  9.0000E+01  9.0000E+01  9.0000E+01  0.0000E+00 -1.1457E-01
#
#      rolling -4.0456E+02  9.1993E+01 -5.1815E+02 -5.1815E+02  0.0000E+00  0.0000E+00  0.0000E+00  0.0000E+00  0.0000E+00
#     averages -4.7168E+02  0.0000E+00  4.2850E+02  4.2850E+02  0.0000E+00  0.0000E+00  0.0000E+00  0.0000E+00  0.0000E+00
#               5.2638E+03  0.0000E+00  0.0000E+00  0.0000E+00  9.0000E+01  9.0000E+01  9.0000E+01  0.0000E+00 -2.0895E-01
#----------------------------------------------------------------------------------------------------------------------------------
#         4000 -4.0478E+02  9.5522E+01 -5.2272E+02 -5.2272E+02  0.0000E+00  0.0000E+00  0.0000E+00  0.0000E+00  0.0000E+00
#      4.00000 -5.0088E+02  0.0000E+00  5.2417E+02  5.2417E+02  0.0000E+00  0.0000E+00  0.0000E+00  0.0000E+00  0.0000E+00
#        0.268  5.2638E+03  0.0000E+00  0.0000E+00  0.0000E+00  9.0000E+01  9.0000E+01  9.0000E+01  0.0000E+00 -2.9919E-01
#
#      rolling -4.0460E+02  9.1890E+01 -5.1805E+02 -5.1805E+02  0.0000E+00  0.0000E+00  0.0000E+00  0.0000E+00  0.0000E+00
#     averages -4.7070E+02  0.0000E+00  4.2523E+02  4.2523E+02  0.0000E+00  0.0000E+00  0.0000E+00  0.0000E+00  0.0000E+00
#               5.2638E+03  0.0000E+00  0.0000E+00  0.0000E+00  9.0000E+01  9.0000E+01  9.0000E+01  0.0000E+00 -2.0582E-01
#----------------------------------------------------------------------------------------------------------------------------------
#         5000 -4.0511E+02  9.6699E+01 -5.2451E+02 -5.2451E+02  0.0000E+00  0.0000E+00  0.0000E+00  0.0000E+00  0.0000E+00
#      5.00000 -4.9226E+02  0.0000E+00  5.0023E+02  5.0023E+02  0.0000E+00  0.0000E+00  0.0000E+00  0.0000E+00  0.0000E+00
#        0.332  5.2638E+03  0.0000E+00  0.0000E+00  0.0000E+00  9.0000E+01  9.0000E+01  9.0000E+01  0.0000E+00 -2.7132E-01
#
#      rolling -4.0466E+02  9.2140E+01 -5.1843E+02 -5.1843E+02  0.0000E+00  0.0000E+00  0.0000E+00  0.0000E+00  0.0000E+00
#     averages -4.7135E+02  0.0000E+00  4.2760E+02  4.2760E+02  0.0000E+00  0.0000E+00  0.0000E+00  0.0000E+00  0.0000E+00
#               5.2638E+03  0.0000E+00  0.0000E+00  0.0000E+00  9.0000E+01  9.0000E+01  9.0000E+01  0.0000E+00 -2.0763E-01
#----------------------------------------------------------------------------------------------------------------------------------
#         6000 -4.0427E+02  9.3778E+01 -5.2006E+02 -5.2006E+02  0.0000E+00  0.0000E+00  0.0000E+00  0.0000E+00  0.0000E+00
#      6.00000 -4.9041E+02  0.0000E+00  4.8997E+02  4.8997E+02  0.0000E+00  0.0000E+00  0.0000E+00  0.0000E+00  0.0000E+00
#        0.397  5.2638E+03  0.0000E+00  0.0000E+00  0.0000E+00  9.0000E+01  9.0000E+01  9.0000E+01  0.0000E+00 -2.6816E-01
#
#      rolling -4.0473E+02  9.2035E+01 -5.1837E+02 -5.1837E+02  0.0000E+00  0.0000E+00  0.0000E+00  0.0000E+00  0.0000E+00
#     averages -4.7123E+02  0.0000E+00  4.2675E+02  4.2675E+02  0.0000E+00  0.0000E+00  0.0000E+00  0.0000E+00  0.0000E+00
#               5.2638E+03  0.0000E+00  0.0000E+00  0.0000E+00  9.0000E+01  9.0000E+01  9.0000E+01  0.0000E+00 -2.0702E-01
#----------------------------------------------------------------------------------------------------------------------------------
#         7000 -4.0391E+02  9.0551E+01 -5.1571E+02 -5.1571E+02  0.0000E+00  0.0000E+00  0.0000E+00  0.0000E+00  0.0000E+00
#      7.00000 -4.3742E+02  0.0000E+00  3.2415E+02  3.2415E+02  0.0000E+00  0.0000E+00  0.0000E+00  0.0000E+00  0.0000E+00
#        0.467  5.2638E+03  0.0000E+00  0.0000E+00  0.0000E+00  9.0000E+01  9.0000E+01  9.0000E+01  0.0000E+00 -1.0435E-01
#
#      rolling -4.0469E+02  9.2375E+01 -5.1875E+02 -5.1875E+02  0.0000E+00  0.0000E+00  0.0000E+00  0.0000E+00  0.0000E+00
#     averages -4.7140E+02  0.0000E+00  4.2824E+02  4.2824E+02  0.0000E+00  0.0000E+00  0.0000E+00  0.0000E+00  0.0000E+00
#               5.2638E+03  0.0000E+00  0.0000E+00  0.0000E+00  9.0000E+01  9.0000E+01  9.0000E+01  0.0000E+00 -2.0770E-01
#----------------------------------------------------------------------------------------------------------------------------------
#----------------------------------------------------------------------------------------------------------------------------------
#         step     eng_tot temp_tot[K]     eng_cfg     eng_src     eng_cou     eng_bnd     eng_ang     eng_dih     eng_tet
#     time[ps]      eng_pv temp_rot[K]     vir_cfg     vir_src     vir_cou     vir_bnd     vir_ang     vir_con     vir_tet
#     cpu  [s]      volume temp_shl[K]     eng_shl     vir_shl    alpha[o]     beta[o]    gamma[o]     vir_pmf       press
#----------------------------------------------------------------------------------------------------------------------------------
#         8000 -4.0458E+02  9.5150E+01 -5.2206E+02 -5.2206E+02  0.0000E+00  0.0000E+00  0.0000E+00  0.0000E+00  0.0000E+00
#      8.00000 -4.6374E+02  0.0000E+00  4.1246E+02  4.1246E+02  0.0000E+00  0.0000E+00  0.0000E+00  0.0000E+00  0.0000E+00
#        0.535  5.2638E+03  0.0000E+00  0.0000E+00  0.0000E+00  9.0000E+01  9.0000E+01  9.0000E+01  0.0000E+00 -1.8420E-01
#
#      rolling -4.0469E+02  9.2807E+01 -5.1928E+02 -5.1928E+02  0.0000E+00  0.0000E+00  0.0000E+00  0.0000E+00  0.0000E+00
#     averages -4.6896E+02  0.0000E+00  4.2198E+02  4.2198E+02  0.0000E+00  0.0000E+00  0.0000E+00  0.0000E+00  0.0000E+00
#               5.2638E+03  0.0000E+00  0.0000E+00  0.0000E+00  9.0000E+01  9.0000E+01  9.0000E+01  0.0000E+00 -2.0009E-01
#----------------------------------------------------------------------------------------------------------------------------------
#         9000 -4.0437E+02  9.8763E+01 -5.2632E+02 -5.2632E+02  0.0000E+00  0.0000E+00  0.0000E+00  0.0000E+00  0.0000E+00
#      9.00000 -5.0178E+02  0.0000E+00  5.3609E+02  5.3609E+02  0.0000E+00  0.0000E+00  0.0000E+00  0.0000E+00  0.0000E+00
#        0.598  5.2638E+03  0.0000E+00  0.0000E+00  0.0000E+00  9.0000E+01  9.0000E+01  9.0000E+01  0.0000E+00 -3.0325E-01
#
#      rolling -4.0456E+02  9.3068E+01 -5.1947E+02 -5.1947E+02  0.0000E+00  0.0000E+00  0.0000E+00  0.0000E+00  0.0000E+00
#     averages -4.6728E+02  0.0000E+00  4.1798E+02  4.1798E+02  0.0000E+00  0.0000E+00  0.0000E+00  0.0000E+00  0.0000E+00
#               5.2638E+03  0.0000E+00  0.0000E+00  0.0000E+00  9.0000E+01  9.0000E+01  9.0000E+01  0.0000E+00 -1.9527E-01
#----------------------------------------------------------------------------------------------------------------------------------
#        10000 -4.0434E+02  9.4493E+01 -5.2101E+02 -5.2101E+02  0.0000E+00  0.0000E+00  0.0000E+00  0.0000E+00  0.0000E+00
#     10.00000 -5.2588E+02  0.0000E+00  5.9795E+02  5.9795E+02  0.0000E+00  0.0000E+00  0.0000E+00  0.0000E+00  0.0000E+00
#        0.661  5.2638E+03  0.0000E+00  0.0000E+00  0.0000E+00  9.0000E+01  9.0000E+01  9.0000E+01  0.0000E+00 -3.7839E-01
#
#      rolling -4.0445E+02  9.3110E+01 -5.1941E+02 -5.1941E+02  0.0000E+00  0.0000E+00  0.0000E+00  0.0000E+00  0.0000E+00
#     averages -4.7095E+02  0.0000E+00  4.2944E+02  4.2944E+02  0.0000E+00  0.0000E+00  0.0000E+00  0.0000E+00  0.0000E+00
#               5.2638E+03  0.0000E+00  0.0000E+00  0.0000E+00  9.0000E+01  9.0000E+01  9.0000E+01  0.0000E+00 -2.0706E-01
#----------------------------------------------------------------------------------------------------------------------------------
#        11000 -4.0397E+02  8.7570E+01 -5.1210E+02 -5.1210E+02  0.0000E+00  0.0000E+00  0.0000E+00  0.0000E+00  0.0000E+00
#     11.00000 -4.5699E+02  0.0000E+00  3.7530E+02  3.7530E+02  0.0000E+00  0.0000E+00  0.0000E+00  0.0000E+00  0.0000E+00
#        0.726  5.2638E+03  0.0000E+00  0.0000E+00  0.0000E+00  9.0000E+01  9.0000E+01  9.0000E+01  0.0000E+00 -1.6506E-01
#
#      rolling -4.0443E+02  9.3062E+01 -5.1933E+02 -5.1933E+02  0.0000E+00  0.0000E+00  0.0000E+00  0.0000E+00  0.0000E+00
#     averages -4.7385E+02  0.0000E+00  4.3808E+02  4.3808E+02  0.0000E+00  0.0000E+00  0.0000E+00  0.0000E+00  0.0000E+00
#               5.2638E+03  0.0000E+00  0.0000E+00  0.0000E+00  9.0000E+01  9.0000E+01  9.0000E+01  0.0000E+00 -2.1615E-01
#----------------------------------------------------------------------------------------------------------------------------------
#        12000 -4.0424E+02  8.8786E+01 -5.1387E+02 -5.1387E+02  0.0000E+00  0.0000E+00  0.0000E+00  0.0000E+00  0.0000E+00
#     12.00000 -4.3467E+02  0.0000E+00  3.1055E+02  3.1055E+02  0.0000E+00  0.0000E+00  0.0000E+00  0.0000E+00  0.0000E+00
#        0.791  5.2638E+03  0.0000E+00  0.0000E+00  0.0000E+00  9.0000E+01  9.0000E+01  9.0000E+01  0.0000E+00 -9.4749E-02
#
#      rolling -4.0444E+02  9.2761E+01 -5.1897E+02 -5.1897E+02  0.0000E+00  0.0000E+00  0.0000E+00  0.0000E+00  0.0000E+00
#     averages -4.7023E+02  0.0000E+00  4.2644E+02  4.2644E+02  0.0000E+00  0.0000E+00  0.0000E+00  0.0000E+00  0.0000E+00
#               5.2638E+03  0.0000E+00  0.0000E+00  0.0000E+00  9.0000E+01  9.0000E+01  9.0000E+01  0.0000E+00 -2.0484E-01
#----------------------------------------------------------------------------------------------------------------------------------
#        13000 -4.0454E+02  9.3977E+01 -5.2058E+02 -5.2058E+02  0.0000E+00  0.0000E+00  0.0000E+00  0.0000E+00  0.0000E+00
#     13.00000 -4.9136E+02  0.0000E+00  4.9250E+02  4.9250E+02  0.0000E+00  0.0000E+00  0.0000E+00  0.0000E+00  0.0000E+00
#        0.859  5.2638E+03  0.0000E+00  0.0000E+00  0.0000E+00  9.0000E+01  9.0000E+01  9.0000E+01  0.0000E+00 -2.7028E-01
#
#      rolling -4.0435E+02  9.2570E+01 -5.1865E+02 -5.1865E+02  0.0000E+00  0.0000E+00  0.0000E+00  0.0000E+00  0.0000E+00
#     averages -4.7383E+02  0.0000E+00  4.3703E+02  4.3703E+02  0.0000E+00  0.0000E+00  0.0000E+00  0.0000E+00  0.0000E+00
#               5.2638E+03  0.0000E+00  0.0000E+00  0.0000E+00  9.0000E+01  9.0000E+01  9.0000E+01  0.0000E+00 -2.1632E-01
#----------------------------------------------------------------------------------------------------------------------------------
#        14000 -4.0488E+02  9.5748E+01 -5.2310E+02 -5.2310E+02  0.0000E+00  0.0000E+00  0.0000E+00  0.0000E+00  0.0000E+00
#     14.00000 -4.7327E+02  0.0000E+00  4.4161E+02  4.4161E+02  0.0000E+00  0.0000E+00  0.0000E+00  0.0000E+00  0.0000E+00
#        0.952  5.2638E+03  0.0000E+00  0.0000E+00  0.0000E+00  9.0000E+01  9.0000E+01  9.0000E+01  0.0000E+00 -2.1292E-01
#
#      rolling -4.0449E+02  9.2199E+01 -5.1833E+02 -5.1833E+02  0.0000E+00  0.0000E+00  0.0000E+00  0.0000E+00  0.0000E+00
#     averages -4.7098E+02  0.0000E+00  4.2712E+02  4.2712E+02  0.0000E+00  0.0000E+00  0.0000E+00  0.0000E+00  0.0000E+00
#               5.2638E+03  0.0000E+00  0.0000E+00  0.0000E+00  9.0000E+01  9.0000E+01  9.0000E+01  0.0000E+00 -2.0699E-01
#----------------------------------------------------------------------------------------------------------------------------------
#        15000 -4.0391E+02  8.7579E+01 -5.1204E+02 -5.1204E+02  0.0000E+00  0.0000E+00  0.0000E+00  0.0000E+00  0.0000E+00
#     15.00000 -4.0628E+02  0.0000E+00  2.2340E+02  2.2340E+02  0.0000E+00  0.0000E+00  0.0000E+00  0.0000E+00  0.0000E+00
#        1.042  5.2638E+03  0.0000E+00  0.0000E+00  0.0000E+00  9.0000E+01  9.0000E+01  9.0000E+01  0.0000E+00 -7.3965E-03
#
#      rolling -4.0457E+02  9.2539E+01 -5.1883E+02 -5.1883E+02  0.0000E+00  0.0000E+00  0.0000E+00  0.0000E+00  0.0000E+00
#     averages -4.6438E+02  0.0000E+00  4.0794E+02  4.0794E+02  0.0000E+00  0.0000E+00  0.0000E+00  0.0000E+00  0.0000E+00
#               5.2638E+03  0.0000E+00  0.0000E+00  0.0000E+00  9.0000E+01  9.0000E+01  9.0000E+01  0.0000E+00 -1.8620E-01
#----------------------------------------------------------------------------------------------------------------------------------
#----------------------------------------------------------------------------------------------------------------------------------
#         step     eng_tot temp_tot[K]     eng_cfg     eng_src     eng_cou     eng_bnd     eng_ang     eng_dih     eng_tet
#     time[ps]      eng_pv temp_rot[K]     vir_cfg     vir_src     vir_cou     vir_bnd     vir_ang     vir_con     vir_tet
#     cpu  [s]      volume temp_shl[K]     eng_shl     vir_shl    alpha[o]     beta[o]    gamma[o]     vir_pmf       press
#----------------------------------------------------------------------------------------------------------------------------------
#        16000 -4.0488E+02  9.8207E+01 -5.2614E+02 -5.2614E+02  0.0000E+00  0.0000E+00  0.0000E+00  0.0000E+00  0.0000E+00
#     16.00000 -4.8581E+02  0.0000E+00  4.8530E+02  4.8530E+02  0.0000E+00  0.0000E+00  0.0000E+00  0.0000E+00  0.0000E+00
#        1.122  5.2638E+03  0.0000E+00  0.0000E+00  0.0000E+00  9.0000E+01  9.0000E+01  9.0000E+01  0.0000E+00 -2.5197E-01
#
#      rolling -4.0458E+02  9.2859E+01 -5.1923E+02 -5.1923E+02  0.0000E+00  0.0000E+00  0.0000E+00  0.0000E+00  0.0000E+00
#     averages -4.5762E+02  0.0000E+00  3.8845E+02  3.8845E+02  0.0000E+00  0.0000E+00  0.0000E+00  0.0000E+00  0.0000E+00
#               5.2638E+03  0.0000E+00  0.0000E+00  0.0000E+00  9.0000E+01  9.0000E+01  9.0000E+01  0.0000E+00 -1.6516E-01
#----------------------------------------------------------------------------------------------------------------------------------
#        17000 -4.0488E+02  9.7446E+01 -5.2520E+02 -5.2520E+02  0.0000E+00  0.0000E+00  0.0000E+00  0.0000E+00  0.0000E+00
#     17.00000 -4.2469E+02  0.0000E+00  3.0006E+02  3.0006E+02  0.0000E+00  0.0000E+00  0.0000E+00  0.0000E+00  0.0000E+00
#        1.194  5.2638E+03  0.0000E+00  0.0000E+00  0.0000E+00  9.0000E+01  9.0000E+01  9.0000E+01  0.0000E+00 -6.1670E-02
#
#      rolling -4.0469E+02  9.2988E+01 -5.1950E+02 -5.1950E+02  0.0000E+00  0.0000E+00  0.0000E+00  0.0000E+00  0.0000E+00
#     averages -4.5293E+02  0.0000E+00  3.7433E+02  3.7433E+02  0.0000E+00  0.0000E+00  0.0000E+00  0.0000E+00  0.0000E+00
#               5.2638E+03  0.0000E+00  0.0000E+00  0.0000E+00  9.0000E+01  9.0000E+01  9.0000E+01  0.0000E+00 -1.5018E-01
#----------------------------------------------------------------------------------------------------------------------------------
#        18000 -4.0521E+02  9.4415E+01 -5.2179E+02 -5.2179E+02  0.0000E+00  0.0000E+00  0.0000E+00  0.0000E+00  0.0000E+00
#     18.00000 -5.0386E+02  0.0000E+00  5.2910E+02  5.2910E+02  0.0000E+00  0.0000E+00  0.0000E+00  0.0000E+00  0.0000E+00
#        1.262  5.2638E+03  0.0000E+00  0.0000E+00  0.0000E+00  9.0000E+01  9.0000E+01  9.0000E+01  0.0000E+00 -3.0714E-01
#
#      rolling -4.0484E+02  9.3143E+01 -5.1985E+02 -5.1985E+02  0.0000E+00  0.0000E+00  0.0000E+00  0.0000E+00  0.0000E+00
#     averages -4.4712E+02  0.0000E+00  3.5684E+02  3.5684E+02  0.0000E+00  0.0000E+00  0.0000E+00  0.0000E+00  0.0000E+00
#               5.2638E+03  0.0000E+00  0.0000E+00  0.0000E+00  9.0000E+01  9.0000E+01  9.0000E+01  0.0000E+00 -1.3163E-01
#----------------------------------------------------------------------------------------------------------------------------------
#        19000 -4.0485E+02  9.8223E+01 -5.2612E+02 -5.2612E+02  0.0000E+00  0.0000E+00  0.0000E+00  0.0000E+00  0.0000E+00
#     19.00000 -4.8832E+02  0.0000E+00  4.9298E+02  4.9298E+02  0.0000E+00  0.0000E+00  0.0000E+00  0.0000E+00  0.0000E+00
#        1.325  5.2638E+03  0.0000E+00  0.0000E+00  0.0000E+00  9.0000E+01  9.0000E+01  9.0000E+01  0.0000E+00 -2.5989E-01
#
#      rolling -4.0481E+02  9.3439E+01 -5.2018E+02 -5.2018E+02  0.0000E+00  0.0000E+00  0.0000E+00  0.0000E+00  0.0000E+00
#     averages -4.5553E+02  0.0000E+00  3.8291E+02  3.8291E+02  0.0000E+00  0.0000E+00  0.0000E+00  0.0000E+00  0.0000E+00
#               5.2638E+03  0.0000E+00  0.0000E+00  0.0000E+00  9.0000E+01  9.0000E+01  9.0000E+01  0.0000E+00 -1.5793E-01
#----------------------------------------------------------------------------------------------------------------------------------
#        20000 -4.0414E+02  9.5351E+01 -5.2187E+02 -5.2187E+02  0.0000E+00  0.0000E+00  0.0000E+00  0.0000E+00  0.0000E+00
#     20.00000 -5.2224E+02  0.0000E+00  5.8975E+02  5.8975E+02  0.0000E+00  0.0000E+00  0.0000E+00  0.0000E+00  0.0000E+00
#        1.391  5.2638E+03  0.0000E+00  0.0000E+00  0.0000E+00  9.0000E+01  9.0000E+01  9.0000E+01  0.0000E+00 -3.6768E-01
#
#      rolling -4.0474E+02  9.3672E+01 -5.2040E+02 -5.2040E+02  0.0000E+00  0.0000E+00  0.0000E+00  0.0000E+00  0.0000E+00
#     averages -4.6290E+02  0.0000E+00  4.0579E+02  4.0579E+02  0.0000E+00  0.0000E+00  0.0000E+00  0.0000E+00  0.0000E+00
#               5.2638E+03  0.0000E+00  0.0000E+00  0.0000E+00  9.0000E+01  9.0000E+01  9.0000E+01  0.0000E+00 -1.8107E-01
#----------------------------------------------------------------------------------------------------------------------------------
#        21000 -4.0421E+02  9.3173E+01 -5.1925E+02 -5.1925E+02  0.0000E+00  0.0000E+00  0.0000E+00  0.0000E+00  0.0000E+00
#     21.00000 -5.0471E+02  0.0000E+00  5.3160E+02  5.3160E+02  0.0000E+00  0.0000E+00  0.0000E+00  0.0000E+00  0.0000E+00
#        1.458  5.2638E+03  0.0000E+00  0.0000E+00  0.0000E+00  9.0000E+01  9.0000E+01  9.0000E+01  0.0000E+00 -3.1291E-01
#
#      rolling -4.0475E+02  9.3846E+01 -5.2062E+02 -5.2062E+02  0.0000E+00  0.0000E+00  0.0000E+00  0.0000E+00  0.0000E+00
#     averages -4.7234E+02  0.0000E+00  4.3452E+02  4.3452E+02  0.0000E+00  0.0000E+00  0.0000E+00  0.0000E+00  0.0000E+00
#               5.2638E+03  0.0000E+00  0.0000E+00  0.0000E+00  9.0000E+01  9.0000E+01  9.0000E+01  0.0000E+00 -2.1044E-01
#----------------------------------------------------------------------------------------------------------------------------------
#        22000 -4.0485E+02  9.8424E+01 -5.2637E+02 -5.2637E+02  0.0000E+00  0.0000E+00  0.0000E+00  0.0000E+00  0.0000E+00
#     22.00000 -5.2948E+02  0.0000E+00  6.1694E+02  6.1694E+02  0.0000E+00  0.0000E+00  0.0000E+00  0.0000E+00  0.0000E+00
#        1.523  5.2638E+03  0.0000E+00  0.0000E+00  0.0000E+00  9.0000E+01  9.0000E+01  9.0000E+01  0.0000E+00 -3.8802E-01
#
#      rolling -4.0454E+02  9.4103E+01 -5.2073E+02 -5.2073E+02  0.0000E+00  0.0000E+00  0.0000E+00  0.0000E+00  0.0000E+00
#     averages -4.8546E+02  0.0000E+00  4.7514E+02  4.7514E+02  0.0000E+00  0.0000E+00  0.0000E+00  0.0000E+00  0.0000E+00
#               5.2638E+03  0.0000E+00  0.0000E+00  0.0000E+00  9.0000E+01  9.0000E+01  9.0000E+01  0.0000E+00 -2.5194E-01
#----------------------------------------------------------------------------------------------------------------------------------
#        23000 -4.0404E+02  9.2352E+01 -5.1807E+02 -5.1807E+02  0.0000E+00  0.0000E+00  0.0000E+00  0.0000E+00  0.0000E+00
#     23.00000 -4.4896E+02  0.0000E+00  3.6281E+02  3.6281E+02  0.0000E+00  0.0000E+00  0.0000E+00  0.0000E+00  0.0000E+00
#        1.590  5.2638E+03  0.0000E+00  0.0000E+00  0.0000E+00  9.0000E+01  9.0000E+01  9.0000E+01  0.0000E+00 -1.3985E-01
#
#      rolling -4.0441E+02  9.4010E+01 -5.2049E+02 -5.2049E+02  0.0000E+00  0.0000E+00  0.0000E+00  0.0000E+00  0.0000E+00
#     averages -4.9341E+02  0.0000E+00  4.9914E+02  4.9914E+02  0.0000E+00  0.0000E+00  0.0000E+00  0.0000E+00  0.0000E+00
#               5.2638E+03  0.0000E+00  0.0000E+00  0.0000E+00  9.0000E+01  9.0000E+01  9.0000E+01  0.0000E+00 -2.7709E-01
#----------------------------------------------------------------------------------------------------------------------------------
#----------------------------------------------------------------------------------------------------------------------------------
#         step     eng_tot temp_tot[K]     eng_cfg     eng_src     eng_cou     eng_bnd     eng_ang     eng_dih     eng_tet
#     time[ps]      eng_pv temp_rot[K]     vir_cfg     vir_src     vir_cou     vir_bnd     vir_ang     vir_con     vir_tet
#     cpu  [s]      volume temp_shl[K]     eng_shl     vir_shl    alpha[o]     beta[o]    gamma[o]     vir_pmf       press
#----------------------------------------------------------------------------------------------------------------------------------
#        24000 -4.0474E+02  9.3881E+01 -5.2066E+02 -5.2066E+02  0.0000E+00  0.0000E+00  0.0000E+00  0.0000E+00  0.0000E+00
#     24.00000 -4.7226E+02  0.0000E+00  4.3439E+02  4.3439E+02  0.0000E+00  0.0000E+00  0.0000E+00  0.0000E+00  0.0000E+00
#        1.654  5.2638E+03  0.0000E+00  0.0000E+00  0.0000E+00  9.0000E+01  9.0000E+01  9.0000E+01  0.0000E+00 -2.1021E-01
#
#      rolling -4.0439E+02  9.4070E+01 -5.2054E+02 -5.2054E+02  0.0000E+00  0.0000E+00  0.0000E+00  0.0000E+00  0.0000E+00
#     averages -4.8656E+02  0.0000E+00  4.7881E+02  4.7881E+02  0.0000E+00  0.0000E+00  0.0000E+00  0.0000E+00  0.0000E+00
#               5.2638E+03  0.0000E+00  0.0000E+00  0.0000E+00  9.0000E+01  9.0000E+01  9.0000E+01  0.0000E+00 -2.5583E-01
#----------------------------------------------------------------------------------------------------------------------------------
#        25000 -4.0404E+02  9.7798E+01 -5.2479E+02 -5.2479E+02  0.0000E+00  0.0000E+00  0.0000E+00  0.0000E+00  0.0000E+00
#     25.00000 -4.9565E+02  0.0000E+00  5.1633E+02  5.1633E+02  0.0000E+00  0.0000E+00  0.0000E+00  0.0000E+00  0.0000E+00
#        1.721  5.2638E+03  0.0000E+00  0.0000E+00  0.0000E+00  9.0000E+01  9.0000E+01  9.0000E+01  0.0000E+00 -2.8522E-01
#
#      rolling -4.0433E+02  9.2916E+01 -5.1905E+02 -5.1905E+02  0.0000E+00  0.0000E+00  0.0000E+00  0.0000E+00  0.0000E+00
#     averages -4.7577E+02  0.0000E+00  4.4378E+02  4.4378E+02  0.0000E+00  0.0000E+00  0.0000E+00  0.0000E+00  0.0000E+00
#               5.2638E+03  0.0000E+00  0.0000E+00  0.0000E+00  9.0000E+01  9.0000E+01  9.0000E+01  0.0000E+00 -2.2244E-01
#----------------------------------------------------------------------------------------------------------------------------------
#        26000 -4.0505E+02  9.5872E+01 -5.2342E+02 -5.2342E+02  0.0000E+00  0.0000E+00  0.0000E+00  0.0000E+00  0.0000E+00
#     26.00000 -4.9495E+02  0.0000E+00  5.0646E+02  5.0646E+02  0.0000E+00  0.0000E+00  0.0000E+00  0.0000E+00  0.0000E+00
#        1.792  5.2638E+03  0.0000E+00  0.0000E+00  0.0000E+00  9.0000E+01  9.0000E+01  9.0000E+01  0.0000E+00 -2.7991E-01
#
#      rolling -4.0425E+02  9.2853E+01 -5.1890E+02 -5.1890E+02  0.0000E+00  0.0000E+00  0.0000E+00  0.0000E+00  0.0000E+00
#     averages -4.7322E+02  0.0000E+00  4.3619E+02  4.3619E+02  0.0000E+00  0.0000E+00  0.0000E+00  0.0000E+00  0.0000E+00
#               5.2638E+03  0.0000E+00  0.0000E+00  0.0000E+00  9.0000E+01  9.0000E+01  9.0000E+01  0.0000E+00 -2.1472E-01
#----------------------------------------------------------------------------------------------------------------------------------
#        27000 -4.0451E+02  9.1432E+01 -5.1740E+02 -5.1740E+02  0.0000E+00  0.0000E+00  0.0000E+00  0.0000E+00  0.0000E+00
#     27.00000 -4.5773E+02  0.0000E+00  3.8544E+02  3.8544E+02  0.0000E+00  0.0000E+00  0.0000E+00  0.0000E+00  0.0000E+00
#        1.856  5.2638E+03  0.0000E+00  0.0000E+00  0.0000E+00  9.0000E+01  9.0000E+01  9.0000E+01  0.0000E+00 -1.6570E-01
#
#      rolling -4.0426E+02  9.2674E+01 -5.1869E+02 -5.1869E+02  0.0000E+00  0.0000E+00  0.0000E+00  0.0000E+00  0.0000E+00
#     averages -4.6788E+02  0.0000E+00  4.1970E+02  4.1970E+02  0.0000E+00  0.0000E+00  0.0000E+00  0.0000E+00  0.0000E+00
#               5.2638E+03  0.0000E+00  0.0000E+00  0.0000E+00  9.0000E+01  9.0000E+01  9.0000E+01  0.0000E+00 -1.9807E-01
#----------------------------------------------------------------------------------------------------------------------------------
#        28000 -4.0364E+02  9.0657E+01 -5.1557E+02 -5.1557E+02  0.0000E+00  0.0000E+00  0.0000E+00  0.0000E+00  0.0000E+00
#     28.00000 -4.8348E+02  0.0000E+00  4.6341E+02  4.6341E+02  0.0000E+00  0.0000E+00  0.0000E+00  0.0000E+00  0.0000E+00
#        1.921  5.2638E+03  0.0000E+00  0.0000E+00  0.0000E+00  9.0000E+01  9.0000E+01  9.0000E+01  0.0000E+00 -2.4860E-01
#
#      rolling -4.0424E+02  9.2289E+01 -5.1819E+02 -5.1819E+02  0.0000E+00  0.0000E+00  0.0000E+00  0.0000E+00  0.0000E+00
#     averages -4.6371E+02  0.0000E+00  4.0632E+02  4.0632E+02  0.0000E+00  0.0000E+00  0.0000E+00  0.0000E+00  0.0000E+00
#               5.2638E+03  0.0000E+00  0.0000E+00  0.0000E+00  9.0000E+01  9.0000E+01  9.0000E+01  0.0000E+00 -1.8517E-01
#----------------------------------------------------------------------------------------------------------------------------------
#        29000 -4.0511E+02  8.7448E+01 -5.1308E+02 -5.1308E+02  0.0000E+00  0.0000E+00  0.0000E+00  0.0000E+00  0.0000E+00
#     29.00000 -4.1031E+02  0.0000E+00  2.3154E+02  2.3154E+02  0.0000E+00  0.0000E+00  0.0000E+00  0.0000E+00  0.0000E+00
#        1.991  5.2638E+03  0.0000E+00  0.0000E+00  0.0000E+00  9.0000E+01  9.0000E+01  9.0000E+01  0.0000E+00 -1.6184E-02
#
#      rolling -4.0428E+02  9.2223E+01 -5.1815E+02 -5.1815E+02  0.0000E+00  0.0000E+00  0.0000E+00  0.0000E+00  0.0000E+00
#     averages -4.6570E+02  0.0000E+00  4.1198E+02  4.1198E+02  0.0000E+00  0.0000E+00  0.0000E+00  0.0000E+00  0.0000E+00
#               5.2638E+03  0.0000E+00  0.0000E+00  0.0000E+00  9.0000E+01  9.0000E+01  9.0000E+01  0.0000E+00 -1.9121E-01
#----------------------------------------------------------------------------------------------------------------------------------
#        30000 -4.0474E+02  9.0128E+01 -5.1602E+02 -5.1602E+02  0.0000E+00  0.0000E+00  0.0000E+00  0.0000E+00  0.0000E+00
#     30.00000 -4.4687E+02  0.0000E+00  3.4896E+02  3.4896E+02  0.0000E+00  0.0000E+00  0.0000E+00  0.0000E+00  0.0000E+00
#        2.055  5.2638E+03  0.0000E+00  0.0000E+00  0.0000E+00  9.0000E+01  9.0000E+01  9.0000E+01  0.0000E+00 -1.3117E-01
#
#      rolling -4.0437E+02  9.2347E+01 -5.1839E+02 -5.1839E+02  0.0000E+00  0.0000E+00  0.0000E+00  0.0000E+00  0.0000E+00
#     averages -4.6428E+02  0.0000E+00  4.0776E+02  4.0776E+02  0.0000E+00  0.0000E+00  0.0000E+00  0.0000E+00  0.0000E+00
#               5.2638E+03  0.0000E+00  0.0000E+00  0.0000E+00  9.0000E+01  9.0000E+01  9.0000E+01  0.0000E+00 -1.8652E-01
#----------------------------------------------------------------------------------------------------------------------------------
#        31000 -4.0390E+02  9.5196E+01 -5.2144E+02 -5.2144E+02  0.0000E+00  0.0000E+00  0.0000E+00  0.0000E+00  0.0000E+00
#     31.00000 -5.0524E+02  0.0000E+00  5.3910E+02  5.3910E+02  0.0000E+00  0.0000E+00  0.0000E+00  0.0000E+00  0.0000E+00
#        2.124  5.2638E+03  0.0000E+00  0.0000E+00  0.0000E+00  9.0000E+01  9.0000E+01  9.0000E+01  0.0000E+00 -3.1551E-01
#
#      rolling -4.0444E+02  9.3003E+01 -5.1927E+02 -5.1927E+02  0.0000E+00  0.0000E+00  0.0000E+00  0.0000E+00  0.0000E+00
#     averages -4.6988E+02  0.0000E+00  4.2599E+02  4.2599E+02  0.0000E+00  0.0000E+00  0.0000E+00  0.0000E+00  0.0000E+00
#               5.2638E+03  0.0000E+00  0.0000E+00  0.0000E+00  9.0000E+01  9.0000E+01  9.0000E+01  0.0000E+00 -2.0375E-01
#----------------------------------------------------------------------------------------------------------------------------------
#----------------------------------------------------------------------------------------------------------------------------------
#         step     eng_tot temp_tot[K]     eng_cfg     eng_src     eng_cou     eng_bnd     eng_ang     eng_dih     eng_tet
#     time[ps]      eng_pv temp_rot[K]     vir_cfg     vir_src     vir_cou     vir_bnd     vir_ang     vir_con     vir_tet
#     cpu  [s]      volume temp_shl[K]     eng_shl     vir_shl    alpha[o]     beta[o]    gamma[o]     vir_pmf       press
#----------------------------------------------------------------------------------------------------------------------------------
#        32000 -4.0431E+02  1.0142E+02 -5.2953E+02 -5.2953E+02  0.0000E+00  0.0000E+00  0.0000E+00  0.0000E+00  0.0000E+00
#     32.00000 -5.5245E+02  0.0000E+00  6.9487E+02  6.9487E+02  0.0000E+00  0.0000E+00  0.0000E+00  0.0000E+00  0.0000E+00
#        2.188  5.2638E+03  0.0000E+00  0.0000E+00  0.0000E+00  9.0000E+01  9.0000E+01  9.0000E+01  0.0000E+00 -4.6123E-01
#
#      rolling -4.0450E+02  9.4277E+01 -5.2090E+02 -5.2090E+02  0.0000E+00  0.0000E+00  0.0000E+00  0.0000E+00  0.0000E+00
#     averages -4.7977E+02  0.0000E+00  4.5862E+02  4.5862E+02  0.0000E+00  0.0000E+00  0.0000E+00  0.0000E+00  0.0000E+00
#               5.2638E+03  0.0000E+00  0.0000E+00  0.0000E+00  9.0000E+01  9.0000E+01  9.0000E+01  0.0000E+00 -2.3435E-01
#----------------------------------------------------------------------------------------------------------------------------------
#        33000 -4.0572E+02  9.5530E+01 -5.2367E+02 -5.2367E+02  0.0000E+00  0.0000E+00  0.0000E+00  0.0000E+00  0.0000E+00
#     33.00000 -4.4373E+02  0.0000E+00  3.4995E+02  3.4995E+02  0.0000E+00  0.0000E+00  0.0000E+00  0.0000E+00  0.0000E+00
#        2.260  5.2638E+03  0.0000E+00  0.0000E+00  0.0000E+00  9.0000E+01  9.0000E+01  9.0000E+01  0.0000E+00 -1.1836E-01
#
#      rolling -4.0456E+02  9.5187E+01 -5.2209E+02 -5.2209E+02  0.0000E+00  0.0000E+00  0.0000E+00  0.0000E+00  0.0000E+00
#     averages -4.8352E+02  0.0000E+00  4.7195E+02  4.7195E+02  0.0000E+00  0.0000E+00  0.0000E+00  0.0000E+00  0.0000E+00
#               5.2638E+03  0.0000E+00  0.0000E+00  0.0000E+00  9.0000E+01  9.0000E+01  9.0000E+01  0.0000E+00 -2.4585E-01
#----------------------------------------------------------------------------------------------------------------------------------
#        34000 -4.0508E+02  9.1547E+01 -5.1811E+02 -5.1811E+02  0.0000E+00  0.0000E+00  0.0000E+00  0.0000E+00  0.0000E+00
#     34.00000 -4.3797E+02  0.0000E+00  3.2474E+02  3.2474E+02  0.0000E+00  0.0000E+00  0.0000E+00  0.0000E+00  0.0000E+00
#        2.321  5.2638E+03  0.0000E+00  0.0000E+00  0.0000E+00  9.0000E+01  9.0000E+01  9.0000E+01  0.0000E+00 -1.0241E-01
#
#      rolling -4.0462E+02  9.5496E+01 -5.2253E+02 -5.2253E+02  0.0000E+00  0.0000E+00  0.0000E+00  0.0000E+00  0.0000E+00
#     averages -4.8339E+02  0.0000E+00  4.7214E+02  4.7214E+02  0.0000E+00  0.0000E+00  0.0000E+00  0.0000E+00  0.0000E+00
#               5.2638E+03  0.0000E+00  0.0000E+00  0.0000E+00  9.0000E+01  9.0000E+01  9.0000E+01  0.0000E+00 -2.4525E-01
#----------------------------------------------------------------------------------------------------------------------------------
#        35000 -4.0528E+02  9.9038E+01 -5.2756E+02 -5.2756E+02  0.0000E+00  0.0000E+00  0.0000E+00  0.0000E+00  0.0000E+00
#     35.00000 -5.3311E+02  0.0000E+00  6.2807E+02  6.2807E+02  0.0000E+00  0.0000E+00  0.0000E+00  0.0000E+00  0.0000E+00
#        2.381  5.2638E+03  0.0000E+00  0.0000E+00  0.0000E+00  9.0000E+01  9.0000E+01  9.0000E+01  0.0000E+00 -3.9800E-01
#
#      rolling -4.0466E+02  9.5566E+01 -5.2266E+02 -5.2266E+02  0.0000E+00  0.0000E+00  0.0000E+00  0.0000E+00  0.0000E+00
#     averages -4.8986E+02  0.0000E+00  4.9159E+02  4.9159E+02  0.0000E+00  0.0000E+00  0.0000E+00  0.0000E+00  0.0000E+00
#               5.2638E+03  0.0000E+00  0.0000E+00  0.0000E+00  9.0000E+01  9.0000E+01  9.0000E+01  0.0000E+00 -2.6526E-01
#----------------------------------------------------------------------------------------------------------------------------------
#        36000 -4.0531E+02  9.2709E+01 -5.1978E+02 -5.1978E+02  0.0000E+00  0.0000E+00  0.0000E+00  0.0000E+00  0.0000E+00
#     36.00000 -4.7695E+02  0.0000E+00  4.4384E+02  4.4384E+02  0.0000E+00  0.0000E+00  0.0000E+00  0.0000E+00  0.0000E+00
#        2.442  5.2638E+03  0.0000E+00  0.0000E+00  0.0000E+00  9.0000E+01  9.0000E+01  9.0000E+01  0.0000E+00 -2.2302E-01
#
#      rolling -4.0474E+02  9.4610E+01 -5.2156E+02 -5.2156E+02  0.0000E+00  0.0000E+00  0.0000E+00  0.0000E+00  0.0000E+00
#     averages -4.7969E+02  0.0000E+00  4.5848E+02  4.5848E+02  0.0000E+00  0.0000E+00  0.0000E+00  0.0000E+00  0.0000E+00
#               5.2638E+03  0.0000E+00  0.0000E+00  0.0000E+00  9.0000E+01  9.0000E+01  9.0000E+01  0.0000E+00 -2.3335E-01
#----------------------------------------------------------------------------------------------------------------------------------
#        37000 -4.0427E+02  8.6899E+01 -5.1157E+02 -5.1157E+02  0.0000E+00  0.0000E+00  0.0000E+00  0.0000E+00  0.0000E+00
#     37.00000 -4.1930E+02  0.0000E+00  2.5968E+02  2.5968E+02  0.0000E+00  0.0000E+00  0.0000E+00  0.0000E+00  0.0000E+00
#        2.503  5.2638E+03  0.0000E+00  0.0000E+00  0.0000E+00  9.0000E+01  9.0000E+01  9.0000E+01  0.0000E+00 -4.6797E-02
#
#      rolling -4.0482E+02  9.3029E+01 -5.1968E+02 -5.1968E+02  0.0000E+00  0.0000E+00  0.0000E+00  0.0000E+00  0.0000E+00
#     averages -4.6969E+02  0.0000E+00  4.2434E+02  4.2434E+02  0.0000E+00  0.0000E+00  0.0000E+00  0.0000E+00  0.0000E+00
#               5.2638E+03  0.0000E+00  0.0000E+00  0.0000E+00  9.0000E+01  9.0000E+01  9.0000E+01  0.0000E+00 -2.0197E-01
#----------------------------------------------------------------------------------------------------------------------------------
#        38000 -4.0478E+02  8.7991E+01 -5.1342E+02 -5.1342E+02  0.0000E+00  0.0000E+00  0.0000E+00  0.0000E+00  0.0000E+00
#     38.00000 -4.3493E+02  0.0000E+00  3.0774E+02  3.0774E+02  0.0000E+00  0.0000E+00  0.0000E+00  0.0000E+00  0.0000E+00
#        2.566  5.2638E+03  0.0000E+00  0.0000E+00  0.0000E+00  9.0000E+01  9.0000E+01  9.0000E+01  0.0000E+00 -9.3873E-02
#
#      rolling -4.0471E+02  9.2576E+01 -5.1902E+02 -5.1902E+02  0.0000E+00  0.0000E+00  0.0000E+00  0.0000E+00  0.0000E+00
#     averages -4.6960E+02  0.0000E+00  4.2326E+02  4.2326E+02  0.0000E+00  0.0000E+00  0.0000E+00  0.0000E+00  0.0000E+00
#               5.2638E+03  0.0000E+00  0.0000E+00  0.0000E+00  9.0000E+01  9.0000E+01  9.0000E+01  0.0000E+00 -2.0201E-01
#----------------------------------------------------------------------------------------------------------------------------------
#        39000 -4.0474E+02  8.6339E+01 -5.1135E+02 -5.1135E+02  0.0000E+00  0.0000E+00  0.0000E+00  0.0000E+00  0.0000E+00
#     39.00000 -4.5158E+02  0.0000E+00  3.5373E+02  3.5373E+02  0.0000E+00  0.0000E+00  0.0000E+00  0.0000E+00  0.0000E+00
#        2.625  5.2638E+03  0.0000E+00  0.0000E+00  0.0000E+00  9.0000E+01  9.0000E+01  9.0000E+01  0.0000E+00 -1.4583E-01
#
#      rolling -4.0464E+02  9.2378E+01 -5.1870E+02 -5.1870E+02  0.0000E+00  0.0000E+00  0.0000E+00  0.0000E+00  0.0000E+00
#     averages -4.7072E+02  0.0000E+00  4.2635E+02  4.2635E+02  0.0000E+00  0.0000E+00  0.0000E+00  0.0000E+00  0.0000E+00
#               5.2638E+03  0.0000E+00  0.0000E+00  0.0000E+00  9.0000E+01  9.0000E+01  9.0000E+01  0.0000E+00 -2.0573E-01
#----------------------------------------------------------------------------------------------------------------------------------
#----------------------------------------------------------------------------------------------------------------------------------
#         step     eng_tot temp_tot[K]     eng_cfg     eng_src     eng_cou     eng_bnd     eng_ang     eng_dih     eng_tet
#     time[ps]      eng_pv temp_rot[K]     vir_cfg     vir_src     vir_cou     vir_bnd     vir_ang     vir_con     vir_tet
#     cpu  [s]      volume temp_shl[K]     eng_shl     vir_shl    alpha[o]     beta[o]    gamma[o]     vir_pmf       press
#----------------------------------------------------------------------------------------------------------------------------------
#        40000 -4.0434E+02  1.0028E+02 -5.2816E+02 -5.2816E+02  0.0000E+00  0.0000E+00  0.0000E+00  0.0000E+00  0.0000E+00
#     40.00000 -5.1860E+02  0.0000E+00  5.9041E+02  5.9041E+02  0.0000E+00  0.0000E+00  0.0000E+00  0.0000E+00  0.0000E+00
#        2.686  5.2638E+03  0.0000E+00  0.0000E+00  0.0000E+00  9.0000E+01  9.0000E+01  9.0000E+01  0.0000E+00 -3.5572E-01
#
#      rolling -4.0461E+02  9.2859E+01 -5.1927E+02 -5.1927E+02  0.0000E+00  0.0000E+00  0.0000E+00  0.0000E+00  0.0000E+00
#     averages -4.7519E+02  0.0000E+00  4.4102E+02  4.4102E+02  0.0000E+00  0.0000E+00  0.0000E+00  0.0000E+00  0.0000E+00
#               5.2638E+03  0.0000E+00  0.0000E+00  0.0000E+00  9.0000E+01  9.0000E+01  9.0000E+01  0.0000E+00 -2.1972E-01
#----------------------------------------------------------------------------------------------------------------------------------
#        41000 -4.0414E+02  8.6487E+01 -5.1092E+02 -5.1092E+02  0.0000E+00  0.0000E+00  0.0000E+00  0.0000E+00  0.0000E+00
#     41.00000 -4.0520E+02  0.0000E+00  2.1675E+02  2.1675E+02  0.0000E+00  0.0000E+00  0.0000E+00  0.0000E+00  0.0000E+00
#        2.746  5.2638E+03  0.0000E+00  0.0000E+00  0.0000E+00  9.0000E+01  9.0000E+01  9.0000E+01  0.0000E+00 -3.2995E-03
#
#      rolling -4.0451E+02  9.3245E+01 -5.1964E+02 -5.1964E+02  0.0000E+00  0.0000E+00  0.0000E+00  0.0000E+00  0.0000E+00
#     averages -4.7722E+02  0.0000E+00  4.4840E+02  4.4840E+02  0.0000E+00  0.0000E+00  0.0000E+00  0.0000E+00  0.0000E+00
#               5.2638E+03  0.0000E+00  0.0000E+00  0.0000E+00  9.0000E+01  9.0000E+01  9.0000E+01  0.0000E+00 -2.2639E-01
#----------------------------------------------------------------------------------------------------------------------------------
#        42000 -4.0447E+02  9.0649E+01 -5.1640E+02 -5.1640E+02  0.0000E+00  0.0000E+00  0.0000E+00  0.0000E+00  0.0000E+00
#     42.00000 -4.3935E+02  0.0000E+00  3.2847E+02  3.2847E+02  0.0000E+00  0.0000E+00  0.0000E+00  0.0000E+00  0.0000E+00
#        2.809  5.2638E+03  0.0000E+00  0.0000E+00  0.0000E+00  9.0000E+01  9.0000E+01  9.0000E+01  0.0000E+00 -1.0857E-01
#
#      rolling -4.0448E+02  9.3386E+01 -5.1978E+02 -5.1978E+02  0.0000E+00  0.0000E+00  0.0000E+00  0.0000E+00  0.0000E+00
#     averages -4.7401E+02  0.0000E+00  4.3920E+02  4.3920E+02  0.0000E+00  0.0000E+00  0.0000E+00  0.0000E+00  0.0000E+00
#               5.2638E+03  0.0000E+00  0.0000E+00  0.0000E+00  9.0000E+01  9.0000E+01  9.0000E+01  0.0000E+00 -2.1648E-01
#----------------------------------------------------------------------------------------------------------------------------------
#        43000 -4.0568E+02  9.0215E+01 -5.1707E+02 -5.1707E+02  0.0000E+00  0.0000E+00  0.0000E+00  0.0000E+00  0.0000E+00
#     43.00000 -4.2191E+02  0.0000E+00  2.7146E+02  2.7146E+02  0.0000E+00  0.0000E+00  0.0000E+00  0.0000E+00  0.0000E+00
#        2.869  5.2638E+03  0.0000E+00  0.0000E+00  0.0000E+00  9.0000E+01  9.0000E+01  9.0000E+01  0.0000E+00 -5.0523E-02
#
#      rolling -4.0464E+02  9.3301E+01 -5.1984E+02 -5.1984E+02  0.0000E+00  0.0000E+00  0.0000E+00  0.0000E+00  0.0000E+00
#     averages -4.7085E+02  0.0000E+00  4.2903E+02  4.2903E+02  0.0000E+00  0.0000E+00  0.0000E+00  0.0000E+00  0.0000E+00
#               5.2638E+03  0.0000E+00  0.0000E+00  0.0000E+00  9.0000E+01  9.0000E+01  9.0000E+01  0.0000E+00 -2.0615E-01
#----------------------------------------------------------------------------------------------------------------------------------
#        44000 -4.0414E+02  9.8092E+01 -5.2525E+02 -5.2525E+02  0.0000E+00  0.0000E+00  0.0000E+00  0.0000E+00  0.0000E+00
#     44.00000 -4.8255E+02  0.0000E+00  4.7747E+02  4.7747E+02  0.0000E+00  0.0000E+00  0.0000E+00  0.0000E+00  0.0000E+00
#        2.930  5.2638E+03  0.0000E+00  0.0000E+00  0.0000E+00  9.0000E+01  9.0000E+01  9.0000E+01  0.0000E+00 -2.4414E-01
#
#      rolling -4.0464E+02  9.3653E+01 -5.2027E+02 -5.2027E+02  0.0000E+00  0.0000E+00  0.0000E+00  0.0000E+00  0.0000E+00
#     averages -4.6815E+02  0.0000E+00  4.2181E+02  4.2181E+02  0.0000E+00  0.0000E+00  0.0000E+00  0.0000E+00  0.0000E+00
#               5.2638E+03  0.0000E+00  0.0000E+00  0.0000E+00  9.0000E+01  9.0000E+01  9.0000E+01  0.0000E+00 -1.9775E-01
#----------------------------------------------------------------------------------------------------------------------------------
#        45000 -4.0427E+02  9.0867E+01 -5.1647E+02 -5.1647E+02  0.0000E+00  0.0000E+00  0.0000E+00  0.0000E+00  0.0000E+00
#     45.00000 -4.7943E+02  0.0000E+00  4.4986E+02  4.4986E+02  0.0000E+00  0.0000E+00  0.0000E+00  0.0000E+00  0.0000E+00
#        2.992  5.2638E+03  0.0000E+00  0.0000E+00  0.0000E+00  9.0000E+01  9.0000E+01  9.0000E+01  0.0000E+00 -2.3400E-01
#
#      rolling -4.0459E+02  9.3911E+01 -5.2054E+02 -5.2054E+02  0.0000E+00  0.0000E+00  0.0000E+00  0.0000E+00  0.0000E+00
#     averages -4.6655E+02  0.0000E+00  4.1777E+02  4.1777E+02  0.0000E+00  0.0000E+00  0.0000E+00  0.0000E+00  0.0000E+00
#               5.2638E+03  0.0000E+00  0.0000E+00  0.0000E+00  9.0000E+01  9.0000E+01  9.0000E+01  0.0000E+00 -1.9289E-01
#----------------------------------------------------------------------------------------------------------------------------------
#        46000 -4.0488E+02  9.5520E+01 -5.2282E+02 -5.2282E+02  0.0000E+00  0.0000E+00  0.0000E+00  0.0000E+00  0.0000E+00
#     46.00000 -4.7389E+02  0.0000E+00  4.4290E+02  4.4290E+02  0.0000E+00  0.0000E+00  0.0000E+00  0.0000E+00  0.0000E+00
#        3.051  5.2638E+03  0.0000E+00  0.0000E+00  0.0000E+00  9.0000E+01  9.0000E+01  9.0000E+01  0.0000E+00 -2.1485E-01
#
#      rolling -4.0457E+02  9.4053E+01 -5.2070E+02 -5.2070E+02  0.0000E+00  0.0000E+00  0.0000E+00  0.0000E+00  0.0000E+00
#     averages -4.7042E+02  0.0000E+00  4.2981E+02  4.2981E+02  0.0000E+00  0.0000E+00  0.0000E+00  0.0000E+00  0.0000E+00
#               5.2638E+03  0.0000E+00  0.0000E+00  0.0000E+00  9.0000E+01  9.0000E+01  9.0000E+01  0.0000E+00 -2.0502E-01
#----------------------------------------------------------------------------------------------------------------------------------
#        47000 -4.0454E+02  9.6751E+01 -5.2400E+02 -5.2400E+02  0.0000E+00  0.0000E+00  0.0000E+00  0.0000E+00  0.0000E+00
#     47.00000 -5.1092E+02  0.0000E+00  5.5805E+02  5.5805E+02  0.0000E+00  0.0000E+00  0.0000E+00  0.0000E+00  0.0000E+00
#        3.110  5.2638E+03  0.0000E+00  0.0000E+00  0.0000E+00  9.0000E+01  9.0000E+01  9.0000E+01  0.0000E+00 -3.3119E-01
#
#      rolling -4.0460E+02  9.4795E+01 -5.2165E+02 -5.2165E+02  0.0000E+00  0.0000E+00  0.0000E+00  0.0000E+00  0.0000E+00
#     averages -4.7848E+02  0.0000E+00  4.5572E+02  4.5572E+02  0.0000E+00  0.0000E+00  0.0000E+00  0.0000E+00  0.0000E+00
#               5.2638E+03  0.0000E+00  0.0000E+00  0.0000E+00  9.0000E+01  9.0000E+01  9.0000E+01  0.0000E+00 -2.3001E-01
#----------------------------------------------------------------------------------------------------------------------------------
#----------------------------------------------------------------------------------------------------------------------------------
#         step     eng_tot temp_tot[K]     eng_cfg     eng_src     eng_cou     eng_bnd     eng_ang     eng_dih     eng_tet
#     time[ps]      eng_pv temp_rot[K]     vir_cfg     vir_src     vir_cou     vir_bnd     vir_ang     vir_con     vir_tet
#     cpu  [s]      volume temp_shl[K]     eng_shl     vir_shl    alpha[o]     beta[o]    gamma[o]     vir_pmf       press
#----------------------------------------------------------------------------------------------------------------------------------
#        48000 -4.0508E+02  9.6073E+01 -5.2370E+02 -5.2370E+02  0.0000E+00  0.0000E+00  0.0000E+00  0.0000E+00  0.0000E+00
#     48.00000 -4.8105E+02  0.0000E+00  4.6514E+02  4.6514E+02  0.0000E+00  0.0000E+00  0.0000E+00  0.0000E+00  0.0000E+00
#        3.173  5.2638E+03  0.0000E+00  0.0000E+00  0.0000E+00  9.0000E+01  9.0000E+01  9.0000E+01  0.0000E+00 -2.3651E-01
#
#      rolling -4.0453E+02  9.5034E+01 -5.2187E+02 -5.2187E+02  0.0000E+00  0.0000E+00  0.0000E+00  0.0000E+00  0.0000E+00
#     averages -4.8325E+02  0.0000E+00  4.7084E+02  4.7084E+02  0.0000E+00  0.0000E+00  0.0000E+00  0.0000E+00  0.0000E+00
#               5.2638E+03  0.0000E+00  0.0000E+00  0.0000E+00  9.0000E+01  9.0000E+01  9.0000E+01  0.0000E+00 -2.4509E-01
#----------------------------------------------------------------------------------------------------------------------------------
#        49000 -4.0478E+02  9.4026E+01 -5.2087E+02 -5.2087E+02  0.0000E+00  0.0000E+00  0.0000E+00  0.0000E+00  0.0000E+00
#     49.00000 -4.7689E+02  0.0000E+00  4.4853E+02  4.4853E+02  0.0000E+00  0.0000E+00  0.0000E+00  0.0000E+00  0.0000E+00
#        3.235  5.2638E+03  0.0000E+00  0.0000E+00  0.0000E+00  9.0000E+01  9.0000E+01  9.0000E+01  0.0000E+00 -2.2452E-01
#
#      rolling -4.0462E+02  9.4900E+01 -5.2180E+02 -5.2180E+02  0.0000E+00  0.0000E+00  0.0000E+00  0.0000E+00  0.0000E+00
#     averages -4.8494E+02  0.0000E+00  4.7531E+02  4.7531E+02  0.0000E+00  0.0000E+00  0.0000E+00  0.0000E+00  0.0000E+00
#               5.2638E+03  0.0000E+00  0.0000E+00  0.0000E+00  9.0000E+01  9.0000E+01  9.0000E+01  0.0000E+00 -2.5007E-01
#----------------------------------------------------------------------------------------------------------------------------------
#        50000 -4.0394E+02  9.2476E+01 -5.1812E+02 -5.1812E+02  0.0000E+00  0.0000E+00  0.0000E+00  0.0000E+00  0.0000E+00
#     50.00000 -4.8632E+02  0.0000E+00  4.7551E+02  4.7551E+02  0.0000E+00  0.0000E+00  0.0000E+00  0.0000E+00  0.0000E+00
#        3.314  5.2638E+03  0.0000E+00  0.0000E+00  0.0000E+00  9.0000E+01  9.0000E+01  9.0000E+01  0.0000E+00 -2.5649E-01
#
#      rolling -4.0471E+02  9.4380E+01 -5.2125E+02 -5.2125E+02  0.0000E+00  0.0000E+00  0.0000E+00  0.0000E+00  0.0000E+00
#     averages -4.8235E+02  0.0000E+00  4.6597E+02  4.6597E+02  0.0000E+00  0.0000E+00  0.0000E+00  0.0000E+00  0.0000E+00
#               5.2638E+03  0.0000E+00  0.0000E+00  0.0000E+00  9.0000E+01  9.0000E+01  9.0000E+01  0.0000E+00 -2.4171E-01
#----------------------------------------------------------------------------------------------------------------------------------
Elapsed cpu time:        3.314

# VNL skipping run statistics - skips per timestep: average   20.10 minimum    3 maximum   27
# run terminated after     50000 steps (    50.000 ps), final averages calculated over    50000 steps (    50.000 ps)
#----------------------------------------------------------------------------------------------------------------------------------
#         step     eng_tot temp_tot[K]     eng_cfg     eng_src     eng_cou     eng_bnd     eng_ang     eng_dih     eng_tet
#     time[ps]      eng_pv temp_rot[K]     vir_cfg     vir_src     vir_cou     vir_bnd     vir_ang     vir_con     vir_tet
#     cpu  [s]      volume temp_shl[K]     eng_shl     vir_shl    alpha[o]     beta[o]    gamma[o]     vir_pmf       press
#----------------------------------------------------------------------------------------------------------------------------------
#        50000 -4.0457E+02  9.3344E+01 -5.1982E+02 -5.1982E+02  0.0000E+00  0.0000E+00  0.0000E+00  0.0000E+00  0.0000E+00
#     50.00000 -4.7236E+02  0.0000E+00  4.3387E+02  4.3387E+02  0.0000E+00  0.0000E+00  0.0000E+00  0.0000E+00  0.0000E+00
#        3.316  5.2638E+03  0.0000E+00  0.0000E+00  0.0000E+00  9.0000E+01  9.0000E+01  9.0000E+01  0.0000E+00 -2.1105E-01
#
#      r.m.s.   4.4518E-01  4.2938E+00  5.3314E+00  5.3314E+00  0.0000E+00  0.0000E+00  0.0000E+00  0.0000E+00  0.0000E+00
#     fluctu-   3.4690E+01  0.0000E+00  1.1325E+02  1.1325E+02  0.0000E+00  0.0000E+00  0.0000E+00  0.0000E+00  0.0000E+00
#     ations    0.0000E+00  0.0000E+00  0.0000E+00  0.0000E+00  0.0000E+00  0.0000E+00  0.0000E+00  0.0000E+00  1.0823E-01
#----------------------------------------------------------------------------------------------------------------------------------
Extended energy:
 average:   0.0000E+00
 r.m.s. fluctuations:    0.0000E+00
#----------------------------------------------------------------------------------------------------------------------------------

Pressure tensor:
  Average:
    [ -2.2303E-01,  7.0689E-03, -6.1958E-03,
       7.0689E-03, -2.1080E-01,  1.7135E-02,
      -6.1958E-03,  1.7135E-02, -1.9933E-01]
  r.m.s. fluctuations:
    [  1.6333E-01,  1.2369E-01,  1.2245E-01,
       1.2369E-01,  1.9392E-01,  1.2813E-01,
       1.2245E-01,  1.2813E-01,  1.8929E-01]
  trace/3:  -2.1105E-01
  units: katms

Approximate Diffusion Coefficients:
  atoms:
      Ar:      {value:    3.6253E+00 +/-    4.3279E+00, sqrt MSD:    9.9103E+00 +/-    5.4049E+00}
  units: {value: 10^-9 m^2 s^-1, sqrt MSD: Angs}

# time elapsed since job start:        3.316 sec
# +----------------------------+----------+----------+------------+------------+------------+------------+------------+------------+------------+
# |            Name            | Process  |  Calls   |  Call Min  |  Call Max  |  Call Ave  |  Tot Min   |   Tot Max  |   Tot Ave  |      %     |
# | |v      Main               | All      |        1 |  3.316E+00 |  3.316E+00 |  3.316E+00 |  3.316E+00 |  3.316E+00 |  3.316E+00 |     100.00 |
# |  |-     Initialisation     | All      |        1 |  5.347E-03 |  5.347E-03 |  5.347E-03 |  5.347E-03 |  5.347E-03 |  5.347E-03 |       0.16 |
# |  |-     Set halo particles | All      |        1 |  1.275E-04 |  1.275E-04 |  1.275E-04 |  1.275E-04 |  1.275E-04 |  1.275E-04 |       0.00 |
# |  |v     Main Calc          | All      |        1 |  3.308E+00 |  3.308E+00 |  3.308E+00 |  3.308E+00 |  3.308E+00 |  3.308E+00 |      99.78 |
# |   |-    Linked Cells       | All      |     2370 |  8.080E-05 |  6.811E-04 |  1.115E-04 |  2.642E-01 |  2.642E-01 |  2.642E-01 |       7.97 |
# |   |-    Bonded Forces      | All      |    50001 |  4.829E-08 |  3.332E-05 |  8.968E-08 |  4.484E-03 |  4.484E-03 |  4.484E-03 |       0.14 |
# |   |-    Two-Body Init      | All      |    50001 |  1.236E-07 |  6.583E-05 |  2.110E-07 |  1.055E-02 |  1.055E-02 |  1.055E-02 |       0.32 |
# |   |-    Long Range         | All      |    50001 |  5.565E-08 |  4.595E-05 |  8.957E-08 |  4.479E-03 |  4.479E-03 |  4.479E-03 |       0.14 |
# |   |-    Short Range        | All      |    50001 |  2.531E-05 |  9.503E-04 |  3.582E-05 |  1.791E+00 |  1.791E+00 |  1.791E+00 |      54.01 |
# |   |-    Two-Body Final     | All      |    50001 |  1.129E-07 |  8.641E-05 |  2.270E-07 |  1.135E-02 |  1.135E-02 |  1.135E-02 |       0.34 |
# |   |-    Statistics Collect | All      |    50001 |  1.862E-06 |  2.205E-04 |  3.170E-06 |  1.585E-01 |  1.585E-01 |  1.585E-01 |       4.78 |
# |   |-    Integrate vv       | All      |   100000 |  7.931E-07 |  4.269E-04 |  1.384E-06 |  1.384E-01 |  1.384E-01 |  1.384E-01 |       4.17 |
# |   |v    Refresh Mappings   | All      |    50000 |  6.709E-06 |  1.119E-03 |  1.324E-05 |  6.620E-01 |  6.620E-01 |  6.620E-01 |      19.96 |
# |    |-   xscale             | All      |    50000 |  8.594E-08 |  1.352E-04 |  1.437E-07 |  7.185E-03 |  7.185E-03 |  7.185E-03 |       0.22 |
# |    |-   VNL Check          | All      |    50000 |  1.081E-06 |  3.562E-04 |  1.578E-06 |  7.889E-02 |  7.889E-02 |  7.889E-02 |       2.38 |
# |    |-   Relocate Particles | All      |     2369 |  2.182E-06 |  1.313E-04 |  3.405E-06 |  8.067E-03 |  8.067E-03 |  8.067E-03 |       0.24 |
# |    |-   Set halo particles | All      |     2369 |  4.387E-05 |  5.242E-04 |  6.431E-05 |  1.524E-01 |  1.524E-01 |  1.524E-01 |       4.59 |
# |  |-     Termination        | All      |        1 |  1.767E-03 |  1.767E-03 |  1.767E-03 |  1.767E-03 |  1.767E-03 |  1.767E-03 |       0.05 |
# | ------- Untimed            | All      |        0 |  0.000E+00 |  0.000E+00 |  0.000E+00 |  0.000E+00 |  0.000E+00 |  2.015E-04 |       0.01 |
# +----------------------------+----------+----------+------------+------------+------------+------------+------------+------------+------------+



#*****************************************************************
#*** Thank you for using the DL_POLY_5 package in your work.  ****
#*** Please, acknowledge our efforts by including the         ****
#*** following references when publishing data obtained using ****
#*** DL_POLY_5:                                               ****
#***   - H.L. Devereux, C. Cockrell, A.M. Elena, I. Bush,     ****
#***     A.B.G Chalk, J. Madge, I. Scivetti, J.S. Wilkins,    ****
#***     I.T. Todorov, W. Smith, K. Trachenko                 ****
#***     Submitted For Publication, (2025)                    ****
#***     https://doi.org/10.48550/arXiv.2503.07526.           ****
#*****************************************************************
